<?xml version="1.0" encoding="UTF-8"?>
<testsuite name="com.example.miageGR1.MiageGr1ApplicationTests" tests="1" skipped="0" failures="0" errors="0" timestamp="2024-10-16T08:54:16" hostname="DESKTOP-IT42KT5" time="3.717">
  <properties/>
  <testcase name="contextLoads()" classname="com.example.miageGR1.MiageGr1ApplicationTests" time="3.717"/>
  <system-out><![CDATA[10:54:08.202 [Test worker] INFO org.springframework.test.context.support.AnnotationConfigContextLoaderUtils -- Could not detect default configuration classes for test class [com.example.miageGR1.MiageGr1ApplicationTests]: MiageGr1ApplicationTests does not declare any static, non-private, non-final, nested classes annotated with @Configuration.
10:54:08.658 [Test worker] INFO org.springframework.boot.test.context.SpringBootTestContextBootstrapper -- Found @SpringBootConfiguration com.example.miageGR1.MiageGr1Application for test class com.example.miageGR1.MiageGr1ApplicationTests

  .   ____          _            __ _ _
 /\\ / ___'_ __ _ _(_)_ __  __ _ \ \ \ \
( ( )\___ | '_ | '_| | '_ \/ _` | \ \ \ \
 \\/  ___)| |_)| | | | | || (_| |  ) ) ) )
  '  |____| .__|_| |_|_| |_\__, | / / / /
 =========|_|==============|___/=/_/_/_/

 :: Spring Boot ::                (v3.3.4)

2024-10-16T10:54:10.178+02:00  INFO 3484 --- [miageGR1] [    Test worker] c.e.miageGR1.MiageGr1ApplicationTests    : Starting MiageGr1ApplicationTests using Java 17.0.10 with PID 3484 (started by PC in C:\Users\PC\miageGR1)
2024-10-16T10:54:10.180+02:00  INFO 3484 --- [miageGR1] [    Test worker] c.e.miageGR1.MiageGr1ApplicationTests    : No active profile set, falling back to 1 default profile: "default"
2024-10-16T10:54:16.526+02:00  INFO 3484 --- [miageGR1] [    Test worker] c.e.miageGR1.MiageGr1ApplicationTests    : Started MiageGr1ApplicationTests in 7.198 seconds (process running for 11.457)
]]></system-out>
  <system-err><![CDATA[]]></system-err>
</testsuite>
